<?xml version="1.0" encoding="UTF-8"?>
<testsuites name="Web" time="176.381" tests="5" failures="0" errors="0">
   <testsuite name="Web" tests="5" failures="0" errors="0" time="176.381" skipped="0" timestamp="2021-12-02 18:30:52" hostname="Moladin - LAPTOP-GA1E3H5N" id="Test Suites/Web">
      <properties>
         <property name="deviceName" value=""/>
         <property name="devicePlatform" value=""/>
         <property name="logFolder" value="C:\\Users\\Moladin\\sehatq\\Reports\\20211202_183041\\Web\\20211202_183042"/>
         <property name="logFiles" value="C:\\Users\\Moladin\\sehatq\\Reports\\20211202_183041\\Web\\20211202_183042\\execution0.log"/>
         <property name="attachments" value=""/>
         <property name="hostName" value="Moladin - LAPTOP-GA1E3H5N"/>
         <property name="os" value="Windows 10 64bit"/>
         <property name="katalonVersion" value="8.1.0.208"/>
         <property name="browser" value="Chrome 96.0.4664.45"/>
         <property name="hostAddress" value="192.168.0.109"/>
         <property name="sessionId" value="3271d3cdb3c05eb31ba2e58db9e48942"/>
         <property name="seleniumVersion" value="3.141.59"/>
         <property name="proxyInformation" value="ProxyInformation { proxyOption=NO_PROXY, proxyServerType=HTTP, username=, password=********, proxyServerAddress=, proxyServerPort=0, executionList=&quot;&quot;, isApplyToDesiredCapabilities=true }"/>
         <property name="platform" value="Windows 10"/>
      </properties>
      <testcase name="Test Cases/SehatQ/Web/Login" time="24.729" classname="Test Cases/SehatQ/Web/Login" status="PASSED">
         <system-out><![CDATA[2021-12-02 18:30:53 - [TEST_CASE][PASSED] - Test Cases/SehatQ/Web/Login: Test Cases/SehatQ/Web/Login

2021-12-02 18:30:53 - [TEST_STEP][PASSED] - openBrowser("https://www.sehatq.com/"): Browser is opened with url: 'https://www.sehatq.com/'

2021-12-02 18:30:53 - [MESSAGE][INFO] - Starting 'Chrome' driver

2021-12-02 18:30:53 - [MESSAGE][INFO] - Action delay is set to 0 milliseconds

2021-12-02 18:30:58 - [MESSAGE][PASSED] - Browser is opened with url: 'https://www.sehatq.com/'

2021-12-02 18:30:58 - [TEST_STEP][PASSED] - sehatq = new com.sehatq.web.WEB(): null

2021-12-02 18:30:58 - [TEST_STEP][PASSED] - sehatq.loginsehatq(Email, Password, Action): Browser is closed

2021-12-02 18:31:02 - [MESSAGE][PASSED] - Object: 'klikprofile' is clicked on

2021-12-02 18:31:03 - [MESSAGE][PASSED] - Delayed 1 second(s)

2021-12-02 18:31:04 - [MESSAGE][PASSED] - Text 'fauzifajrn@gmail.com' is set on object 'inputemaillogin'

2021-12-02 18:31:05 - [MESSAGE][PASSED] - Delayed 1 second(s)

2021-12-02 18:31:07 - [MESSAGE][PASSED] - Text 'fauzi123' is set on object 'inputpasswordlogin'

2021-12-02 18:31:08 - [MESSAGE][PASSED] - Delayed 1 second(s)

2021-12-02 18:31:08 - [MESSAGE][PASSED] - Object: 'buttonlogin' is clicked on

2021-12-02 18:31:09 - [MESSAGE][PASSED] - Delayed 1 second(s)

2021-12-02 18:31:14 - [MESSAGE][PASSED] - Object: 'klikprofilelogout' is clicked on

2021-12-02 18:31:17 - [MESSAGE][PASSED] - Object: 'buttonlogout' is clicked on

2021-12-02 18:31:17 - [MESSAGE][PASSED] - Browser is closed]]></system-out>
         <system-err><![CDATA[]]></system-err>
      </testcase>
      <testcase name="Test Cases/SehatQ/Web/Login" time="14.995" classname="Test Cases/SehatQ/Web/Login" status="PASSED">
         <system-out><![CDATA[2021-12-02 18:31:17 - [TEST_CASE][PASSED] - Test Cases/SehatQ/Web/Login: Test Cases/SehatQ/Web/Login

2021-12-02 18:31:17 - [TEST_STEP][PASSED] - openBrowser("https://www.sehatq.com/"): Browser is opened with url: 'https://www.sehatq.com/'

2021-12-02 18:31:17 - [MESSAGE][INFO] - Starting 'Chrome' driver

2021-12-02 18:31:17 - [MESSAGE][INFO] - Action delay is set to 0 milliseconds

2021-12-02 18:31:21 - [MESSAGE][PASSED] - Browser is opened with url: 'https://www.sehatq.com/'

2021-12-02 18:31:21 - [TEST_STEP][PASSED] - sehatq = new com.sehatq.web.WEB(): null

2021-12-02 18:31:21 - [TEST_STEP][PASSED] - sehatq.loginsehatq(Email, Password, Action): Browser is closed

2021-12-02 18:31:25 - [MESSAGE][PASSED] - Object: 'klikprofile' is clicked on

2021-12-02 18:31:26 - [MESSAGE][PASSED] - Delayed 1 second(s)

2021-12-02 18:31:27 - [MESSAGE][PASSED] - Text 'fauzifajrn44@gmail.com' is set on object 'inputemaillogin'

2021-12-02 18:31:28 - [MESSAGE][PASSED] - Delayed 1 second(s)

2021-12-02 18:31:29 - [MESSAGE][PASSED] - Text 'fauzi123' is set on object 'inputpasswordlogin'

2021-12-02 18:31:30 - [MESSAGE][PASSED] - Delayed 1 second(s)

2021-12-02 18:31:31 - [MESSAGE][PASSED] - Object: 'buttonlogin' is clicked on

2021-12-02 18:31:32 - [MESSAGE][PASSED] - Delayed 1 second(s)

2021-12-02 18:31:32 - [MESSAGE][INFO] - email atau password salah 

2021-12-02 18:31:32 - [MESSAGE][PASSED] - Browser is closed]]></system-out>
         <system-err><![CDATA[]]></system-err>
      </testcase>
      <testcase name="Test Cases/SehatQ/Web/Login" time="14.697" classname="Test Cases/SehatQ/Web/Login" status="PASSED">
         <system-out><![CDATA[2021-12-02 18:31:32 - [TEST_CASE][PASSED] - Test Cases/SehatQ/Web/Login: Test Cases/SehatQ/Web/Login

2021-12-02 18:31:32 - [TEST_STEP][PASSED] - openBrowser("https://www.sehatq.com/"): Browser is opened with url: 'https://www.sehatq.com/'

2021-12-02 18:31:32 - [MESSAGE][INFO] - Starting 'Chrome' driver

2021-12-02 18:31:32 - [MESSAGE][INFO] - Action delay is set to 0 milliseconds

2021-12-02 18:31:35 - [MESSAGE][PASSED] - Browser is opened with url: 'https://www.sehatq.com/'

2021-12-02 18:31:35 - [TEST_STEP][PASSED] - sehatq = new com.sehatq.web.WEB(): null

2021-12-02 18:31:35 - [TEST_STEP][PASSED] - sehatq.loginsehatq(Email, Password, Action): Browser is closed

2021-12-02 18:31:40 - [MESSAGE][PASSED] - Object: 'klikprofile' is clicked on

2021-12-02 18:31:41 - [MESSAGE][PASSED] - Delayed 1 second(s)

2021-12-02 18:31:42 - [MESSAGE][PASSED] - Text 'fauzifajrn@gmail.com' is set on object 'inputemaillogin'

2021-12-02 18:31:43 - [MESSAGE][PASSED] - Delayed 1 second(s)

2021-12-02 18:31:44 - [MESSAGE][PASSED] - Text 'fauzi1234' is set on object 'inputpasswordlogin'

2021-12-02 18:31:45 - [MESSAGE][PASSED] - Delayed 1 second(s)

2021-12-02 18:31:45 - [MESSAGE][PASSED] - Object: 'buttonlogin' is clicked on

2021-12-02 18:31:46 - [MESSAGE][PASSED] - Delayed 1 second(s)

2021-12-02 18:31:46 - [MESSAGE][INFO] - email tidak benar

2021-12-02 18:31:47 - [MESSAGE][PASSED] - Browser is closed]]></system-out>
         <system-err><![CDATA[]]></system-err>
      </testcase>
      <testcase name="Test Cases/SehatQ/Web/Register" time="41.986" classname="Test Cases/SehatQ/Web/Register" status="PASSED">
         <system-out><![CDATA[2021-12-02 18:31:47 - [TEST_CASE][PASSED] - Test Cases/SehatQ/Web/Register: Test Cases/SehatQ/Web/Register

2021-12-02 18:31:48 - [TEST_STEP][PASSED] - openBrowser("https://www.sehatq.com/"): Browser is opened with url: 'https://www.sehatq.com/'

2021-12-02 18:31:48 - [MESSAGE][INFO] - Starting 'Chrome' driver

2021-12-02 18:31:48 - [MESSAGE][INFO] - Action delay is set to 0 milliseconds

2021-12-02 18:31:50 - [MESSAGE][PASSED] - Browser is opened with url: 'https://www.sehatq.com/'

2021-12-02 18:31:50 - [TEST_STEP][PASSED] - sehatq = new com.sehatq.web.WEB(): null

2021-12-02 18:31:50 - [TEST_STEP][PASSED] - sehatq.register(nama, Email, Password, Action, nomortlp, gender, jenisidentitas, nomoridentitas): Browser is closed

2021-12-02 18:31:55 - [MESSAGE][PASSED] - Object: 'klikprofile' is clicked on

2021-12-02 18:31:56 - [MESSAGE][PASSED] - Delayed 1 second(s)

2021-12-02 18:31:56 - [MESSAGE][PASSED] - Object: 'clickdaftar' is clicked on

2021-12-02 18:31:57 - [MESSAGE][PASSED] - Delayed 1 second(s)

2021-12-02 18:31:59 - [MESSAGE][PASSED] - Text 'fauzi' is set on object 'inputnama'

2021-12-02 18:32:01 - [MESSAGE][PASSED] - Delayed 2 second(s)

2021-12-02 18:32:02 - [MESSAGE][PASSED] - Text 'fauzifajjjjrn@gmail.com' is set on object 'inputemail'

2021-12-02 18:32:04 - [MESSAGE][PASSED] - Delayed 2 second(s)

2021-12-02 18:32:04 - [MESSAGE][PASSED] - Text 'fauzi123' is set on object 'inputpassword'

2021-12-02 18:32:06 - [MESSAGE][PASSED] - Delayed 2 second(s)

2021-12-02 18:32:07 - [MESSAGE][PASSED] - Object: 'inputketentuan' is clicked on

2021-12-02 18:32:09 - [MESSAGE][PASSED] - Delayed 2 second(s)

2021-12-02 18:32:09 - [MESSAGE][PASSED] - Object: 'buttondaftar' is clicked on

2021-12-02 18:32:11 - [MESSAGE][PASSED] - Delayed 2 second(s)

2021-12-02 18:32:11 - [MESSAGE][WARNING] - Timeout '0' is invalid. Using default page load timeout: '30'

2021-12-02 18:32:15 - [MESSAGE][PASSED] - Object 'inputnomortlp' is present

2021-12-02 18:32:17 - [MESSAGE][PASSED] - Text '08571763667' is set on object 'inputnomortlp'

2021-12-02 18:32:18 - [MESSAGE][PASSED] - Delayed 1 second(s)

2021-12-02 18:32:19 - [MESSAGE][PASSED] - Object: 'buttontgllahir' is clicked on

2021-12-02 18:32:20 - [MESSAGE][PASSED] - Delayed 1 second(s)

2021-12-02 18:32:21 - [MESSAGE][PASSED] - Object: 'pilihtgllahir' is clicked on

2021-12-02 18:32:22 - [MESSAGE][PASSED] - Delayed 1 second(s)

2021-12-02 18:32:22 - [MESSAGE][PASSED] - Object: 'buttonpilihgender' is clicked on

2021-12-02 18:32:23 - [MESSAGE][PASSED] - Delayed 1 second(s)

2021-12-02 18:32:23 - [MESSAGE][PASSED] - Object: 'lakilaki' is clicked on

2021-12-02 18:32:24 - [MESSAGE][PASSED] - Object: 'pilihjenisidentitas' is clicked on

2021-12-02 18:32:25 - [MESSAGE][PASSED] - Delayed 1 second(s)

2021-12-02 18:32:25 - [MESSAGE][PASSED] - Object: 'ktp' is clicked on

2021-12-02 18:32:26 - [MESSAGE][PASSED] - Text '32764563366372' is set on object 'inputnomoridentitas'

2021-12-02 18:32:27 - [MESSAGE][PASSED] - Delayed 1 second(s)

2021-12-02 18:32:27 - [MESSAGE][PASSED] - Object: 'buttonlanjut' is clicked on

2021-12-02 18:32:28 - [MESSAGE][PASSED] - Delayed 1 second(s)

2021-12-02 18:32:29 - [MESSAGE][PASSED] - Browser is closed]]></system-out>
         <system-err><![CDATA[]]></system-err>
      </testcase>
      <testcase name="Test Cases/SehatQ/Web/Cart" time="78.771" classname="Test Cases/SehatQ/Web/Cart" status="PASSED">
         <system-out><![CDATA[2021-12-02 18:32:29 - [TEST_CASE][PASSED] - Test Cases/SehatQ/Web/Cart: Test Cases/SehatQ/Web/Cart

2021-12-02 18:32:30 - [TEST_STEP][PASSED] - openBrowser("https://www.sehatq.com/"): Browser is opened with url: 'https://www.sehatq.com/'

2021-12-02 18:32:30 - [MESSAGE][INFO] - Starting 'Chrome' driver

2021-12-02 18:32:30 - [MESSAGE][INFO] - Action delay is set to 0 milliseconds

2021-12-02 18:32:33 - [MESSAGE][PASSED] - Browser is opened with url: 'https://www.sehatq.com/'

2021-12-02 18:32:33 - [TEST_STEP][PASSED] - sehatq = new com.sehatq.web.WEB(): null

2021-12-02 18:32:33 - [TEST_STEP][PASSED] - sehatq.cart(email, password, carilokasi, labelalamat, namapenerima, notlpnpenerima, catatan, pengiriman, jenispengiriman, pembayaran): Browser is closed

2021-12-02 18:32:39 - [MESSAGE][PASSED] - Object: 'klikprofile' is clicked on

2021-12-02 18:32:40 - [MESSAGE][PASSED] - Delayed 1 second(s)

2021-12-02 18:32:40 - [MESSAGE][PASSED] - Text 'fauzifajrn@gmail.com' is set on object 'inputemaillogin'

2021-12-02 18:32:41 - [MESSAGE][PASSED] - Delayed 1 second(s)

2021-12-02 18:32:43 - [MESSAGE][PASSED] - Text 'fauzi123' is set on object 'inputpasswordlogin'

2021-12-02 18:32:44 - [MESSAGE][PASSED] - Delayed 1 second(s)

2021-12-02 18:32:45 - [MESSAGE][PASSED] - Object: 'buttonlogin' is clicked on

2021-12-02 18:32:46 - [MESSAGE][PASSED] - Delayed 1 second(s)

2021-12-02 18:32:51 - [MESSAGE][PASSED] - Object 'selectcart' is present

2021-12-02 18:32:52 - [MESSAGE][PASSED] - Delayed 1 second(s)

2021-12-02 18:32:57 - [MESSAGE][PASSED] - Object: 'selectedcart' is clicked on

2021-12-02 18:32:59 - [MESSAGE][PASSED] - Delayed 2 second(s)

2021-12-02 18:33:01 - [MESSAGE][PASSED] - Object: 'buttonbelanjasekarang' is clicked on

2021-12-02 18:33:03 - [MESSAGE][PASSED] - Delayed 2 second(s)

2021-12-02 18:33:04 - [MESSAGE][PASSED] - Object: 'selectjenisproduct' is clicked on

2021-12-02 18:33:06 - [MESSAGE][PASSED] - Delayed 2 second(s)

2021-12-02 18:33:07 - [MESSAGE][PASSED] - Object: 'pilihproduct' is clicked on

2021-12-02 18:33:09 - [MESSAGE][PASSED] - Delayed 2 second(s)

2021-12-02 18:33:09 - [MESSAGE][PASSED] - Object: 'tambahkeranjang' is clicked on

2021-12-02 18:33:11 - [MESSAGE][PASSED] - Delayed 2 second(s)

2021-12-02 18:33:12 - [MESSAGE][PASSED] - Object: 'buttonkeranjang' is clicked on

2021-12-02 18:33:15 - [MESSAGE][PASSED] - Delayed 3 second(s)

2021-12-02 18:33:15 - [MESSAGE][PASSED] - Object: 'checkcart' is double clicked on

2021-12-02 18:33:16 - [MESSAGE][PASSED] - Object: 'buttonbeli' is clicked on

2021-12-02 18:33:18 - [MESSAGE][PASSED] - Delayed 2 second(s)

2021-12-02 18:33:29 - [MESSAGE][INFO] - Unable to find the element located by 'By.xpath: (.//*[normalize-space(text()) and normalize-space(.)='`'])[2]/following::h2[1]'. Please recheck the objects properties to make sure the desired element is located. 

2021-12-02 18:33:29 - [MESSAGE][WARNING] - [SELF-HEALING] Failed to find element with id 'elementlokasi'. Try using Self-healing.

2021-12-02 18:33:29 - [MESSAGE][WARNING] - [SELF-HEALING] Index: 0, Size: 0

2021-12-02 18:33:29 - [MESSAGE][WARNING] - [SELF-HEALING] Cannot find elements when the selector is null

2021-12-02 18:33:29 - [MESSAGE][WARNING] - Object 'elementlokasi' is not present after 10 second(s)

2021-12-02 18:33:29 - [MESSAGE][PASSED] - Object: 'inputpilihpengiriman' is clicked on

2021-12-02 18:33:31 - [MESSAGE][PASSED] - Delayed 2 second(s)

2021-12-02 18:33:32 - [MESSAGE][PASSED] - Object: 'samedaypengiriman' is clicked on

2021-12-02 18:33:34 - [MESSAGE][PASSED] - Delayed 2 second(s)

2021-12-02 18:33:34 - [MESSAGE][PASSED] - Object: 'gosendsameday' is clicked on

2021-12-02 18:33:36 - [MESSAGE][PASSED] - Delayed 2 second(s)

2021-12-02 18:33:36 - [MESSAGE][PASSED] - Object: 'buttonpilihjasasamday' is clicked on

2021-12-02 18:33:38 - [MESSAGE][PASSED] - Delayed 2 second(s)

2021-12-02 18:33:40 - [MESSAGE][PASSED] - Delayed 2 second(s)

2021-12-02 18:33:41 - [MESSAGE][PASSED] - Object: 'buttonbayar' is clicked on

2021-12-02 18:33:43 - [MESSAGE][PASSED] - Delayed 2 second(s)

2021-12-02 18:33:43 - [MESSAGE][PASSED] - Object: 'inputovo' is clicked on

2021-12-02 18:33:45 - [MESSAGE][PASSED] - Delayed 2 second(s)

2021-12-02 18:33:45 - [MESSAGE][PASSED] - Object: 'buttonbayar1' is clicked on

2021-12-02 18:33:47 - [MESSAGE][PASSED] - Delayed 2 second(s)

2021-12-02 18:33:48 - [MESSAGE][PASSED] - Browser is closed]]></system-out>
         <system-err><![CDATA[]]></system-err>
      </testcase>
      <system-out><![CDATA[2021-12-02 18:30:52 - [TEST_SUITE][PASSED] - Web: Test Cases/SehatQ/Web/Cart]]></system-out>
      <system-err><![CDATA[]]></system-err>
   </testsuite>
</testsuites>
